<?xml version="1.0" encoding="UTF-8"?>
<testng-results ignored="0" total="1" passed="1" failed="0" skipped="0">
  <reporter-output>
  </reporter-output>
  <suite started-at="2023-09-11T19:45:10 IST" name="Default suite" finished-at="2023-09-11T19:45:26 IST" duration-ms="16031">
    <groups>
    </groups>
    <test started-at="2023-09-11T19:45:10 IST" name="Default test" finished-at="2023-09-11T19:45:26 IST" duration-ms="16031">
      <class name="testCases.VerifyingSignup">
        <test-method signature="VerifySignup()[pri:0, instance:testCases.VerifyingSignup@13e344d]" started-at="2023-09-11T19:45:10 IST" name="VerifySignup" finished-at="2023-09-11T19:45:26 IST" duration-ms="15994" status="PASS">
          <reporter-output>
          </reporter-output>
        </test-method> <!-- VerifySignup -->
      </class> <!-- testCases.VerifyingSignup -->
    </test> <!-- Default test -->
  </suite> <!-- Default suite -->
</testng-results>
